-------------------------------------------------------------------------------
Test set: pizzashop.service.PaymentServiceTest
-------------------------------------------------------------------------------
Tests run: 13, Failures: 0, Errors: 13, Skipped: 0, Time elapsed: 0.049 s <<< FAILURE! - in pizzashop.service.PaymentServiceTest
addValidPaymentTestBVA3  Time elapsed: 0.009 s  <<< ERROR!
java.lang.reflect.InaccessibleObjectException: Unable to make pizzashop.service.PaymentServiceTest() accessible: module pizzashop does not "opens pizzashop.service" to unnamed module @323b36e0

addValidPaymentTestBVA  Time elapsed: 0.001 s  <<< ERROR!
java.lang.reflect.InaccessibleObjectException: Unable to make pizzashop.service.PaymentServiceTest() accessible: module pizzashop does not "opens pizzashop.service" to unnamed module @323b36e0

addInvalidPayment2  Time elapsed: 0 s  <<< ERROR!
java.lang.reflect.InaccessibleObjectException: Unable to make pizzashop.service.PaymentServiceTest() accessible: module pizzashop does not "opens pizzashop.service" to unnamed module @323b36e0

addInvalidPayment3  Time elapsed: 0.002 s  <<< ERROR!
java.lang.reflect.InaccessibleObjectException: Unable to make pizzashop.service.PaymentServiceTest() accessible: module pizzashop does not "opens pizzashop.service" to unnamed module @323b36e0

addInvalidPayment4  Time elapsed: 0.007 s  <<< ERROR!
java.lang.reflect.InaccessibleObjectException: Unable to make pizzashop.service.PaymentServiceTest() accessible: module pizzashop does not "opens pizzashop.service" to unnamed module @323b36e0

addValidPaymentTest2  Time elapsed: 0 s  <<< ERROR!
java.lang.reflect.InaccessibleObjectException: Unable to make pizzashop.service.PaymentServiceTest() accessible: module pizzashop does not "opens pizzashop.service" to unnamed module @323b36e0

addValidPaymentTest3  Time elapsed: 0.001 s  <<< ERROR!
java.lang.reflect.InaccessibleObjectException: Unable to make pizzashop.service.PaymentServiceTest() accessible: module pizzashop does not "opens pizzashop.service" to unnamed module @323b36e0

addValidPaymentTest4  Time elapsed: 0.001 s  <<< ERROR!
java.lang.reflect.InaccessibleObjectException: Unable to make pizzashop.service.PaymentServiceTest() accessible: module pizzashop does not "opens pizzashop.service" to unnamed module @323b36e0

addValidPaymentTest  Time elapsed: 0.002 s  <<< ERROR!
java.lang.reflect.InaccessibleObjectException: Unable to make pizzashop.service.PaymentServiceTest() accessible: module pizzashop does not "opens pizzashop.service" to unnamed module @323b36e0

addInvalidPayment  Time elapsed: 0.001 s  <<< ERROR!
java.lang.reflect.InaccessibleObjectException: Unable to make pizzashop.service.PaymentServiceTest() accessible: module pizzashop does not "opens pizzashop.service" to unnamed module @323b36e0

addInvalidPaymentBVA1  Time elapsed: 0.001 s  <<< ERROR!
java.lang.reflect.InaccessibleObjectException: Unable to make pizzashop.service.PaymentServiceTest() accessible: module pizzashop does not "opens pizzashop.service" to unnamed module @323b36e0

addInvalidPaymentBVA2  Time elapsed: 0.001 s  <<< ERROR!
java.lang.reflect.InaccessibleObjectException: Unable to make pizzashop.service.PaymentServiceTest() accessible: module pizzashop does not "opens pizzashop.service" to unnamed module @323b36e0

addInvalidPaymentBVA4  Time elapsed: 0 s  <<< ERROR!
java.lang.reflect.InaccessibleObjectException: Unable to make pizzashop.service.PaymentServiceTest() accessible: module pizzashop does not "opens pizzashop.service" to unnamed module @323b36e0

