<?xml version="1.0" encoding="UTF-8"?>
<testsuite xmlns:xsi="http://www.w3.org/2001/XMLSchema-instance" xsi:noNamespaceSchemaLocation="https://maven.apache.org/surefire/maven-surefire-plugin/xsd/surefire-test-report.xsd" name="pizzashop.service.PaymentServiceTest" time="0.049" tests="13" errors="13" skipped="0" failures="0">
  <properties>
[...]
</properties>
  <testcase name="addValidPaymentTestBVA3" classname="pizzashop.service.PaymentServiceTest" time="0.009">
    <error message="Unable to make pizzashop.service.PaymentServiceTest() accessible: module pizzashop does not &quot;opens pizzashop.service&quot; to unnamed module @323b36e0" type="java.lang.reflect.InaccessibleObjectException">java.lang.reflect.InaccessibleObjectException: Unable to make pizzashop.service.PaymentServiceTest() accessible: module pizzashop does not "opens pizzashop.service" to unnamed module @323b36e0
</error>
  </testcase>
  <testcase name="addValidPaymentTestBVA" classname="pizzashop.service.PaymentServiceTest" time="0.001">
    <error message="Unable to make pizzashop.service.PaymentServiceTest() accessible: module pizzashop does not &quot;opens pizzashop.service&quot; to unnamed module @323b36e0" type="java.lang.reflect.InaccessibleObjectException">java.lang.reflect.InaccessibleObjectException: Unable to make pizzashop.service.PaymentServiceTest() accessible: module pizzashop does not "opens pizzashop.service" to unnamed module @323b36e0
</error>
  </testcase>
  <testcase name="addInvalidPayment2" classname="pizzashop.service.PaymentServiceTest" time="0">
    <error message="Unable to make pizzashop.service.PaymentServiceTest() accessible: module pizzashop does not &quot;opens pizzashop.service&quot; to unnamed module @323b36e0" type="java.lang.reflect.InaccessibleObjectException">java.lang.reflect.InaccessibleObjectException: Unable to make pizzashop.service.PaymentServiceTest() accessible: module pizzashop does not "opens pizzashop.service" to unnamed module @323b36e0
</error>
  </testcase>
  <testcase name="addInvalidPayment3" classname="pizzashop.service.PaymentServiceTest" time="0.002">
    <error message="Unable to make pizzashop.service.PaymentServiceTest() accessible: module pizzashop does not &quot;opens pizzashop.service&quot; to unnamed module @323b36e0" type="java.lang.reflect.InaccessibleObjectException">java.lang.reflect.InaccessibleObjectException: Unable to make pizzashop.service.PaymentServiceTest() accessible: module pizzashop does not "opens pizzashop.service" to unnamed module @323b36e0
</error>
  </testcase>
  <testcase name="addInvalidPayment4" classname="pizzashop.service.PaymentServiceTest" time="0.007">
    <error message="Unable to make pizzashop.service.PaymentServiceTest() accessible: module pizzashop does not &quot;opens pizzashop.service&quot; to unnamed module @323b36e0" type="java.lang.reflect.InaccessibleObjectException">java.lang.reflect.InaccessibleObjectException: Unable to make pizzashop.service.PaymentServiceTest() accessible: module pizzashop does not "opens pizzashop.service" to unnamed module @323b36e0
</error>
  </testcase>
  <testcase name="addValidPaymentTest2" classname="pizzashop.service.PaymentServiceTest" time="0">
    <error message="Unable to make pizzashop.service.PaymentServiceTest() accessible: module pizzashop does not &quot;opens pizzashop.service&quot; to unnamed module @323b36e0" type="java.lang.reflect.InaccessibleObjectException">java.lang.reflect.InaccessibleObjectException: Unable to make pizzashop.service.PaymentServiceTest() accessible: module pizzashop does not "opens pizzashop.service" to unnamed module @323b36e0
</error>
  </testcase>
  <testcase name="addValidPaymentTest3" classname="pizzashop.service.PaymentServiceTest" time="0.001">
    <error message="Unable to make pizzashop.service.PaymentServiceTest() accessible: module pizzashop does not &quot;opens pizzashop.service&quot; to unnamed module @323b36e0" type="java.lang.reflect.InaccessibleObjectException">java.lang.reflect.InaccessibleObjectException: Unable to make pizzashop.service.PaymentServiceTest() accessible: module pizzashop does not "opens pizzashop.service" to unnamed module @323b36e0
</error>
  </testcase>
  <testcase name="addValidPaymentTest4" classname="pizzashop.service.PaymentServiceTest" time="0.001">
    <error message="Unable to make pizzashop.service.PaymentServiceTest() accessible: module pizzashop does not &quot;opens pizzashop.service&quot; to unnamed module @323b36e0" type="java.lang.reflect.InaccessibleObjectException">java.lang.reflect.InaccessibleObjectException: Unable to make pizzashop.service.PaymentServiceTest() accessible: module pizzashop does not "opens pizzashop.service" to unnamed module @323b36e0
</error>
  </testcase>
  <testcase name="addValidPaymentTest" classname="pizzashop.service.PaymentServiceTest" time="0.002">
    <error message="Unable to make pizzashop.service.PaymentServiceTest() accessible: module pizzashop does not &quot;opens pizzashop.service&quot; to unnamed module @323b36e0" type="java.lang.reflect.InaccessibleObjectException">java.lang.reflect.InaccessibleObjectException: Unable to make pizzashop.service.PaymentServiceTest() accessible: module pizzashop does not "opens pizzashop.service" to unnamed module @323b36e0
</error>
  </testcase>
  <testcase name="addInvalidPayment" classname="pizzashop.service.PaymentServiceTest" time="0.001">
    <error message="Unable to make pizzashop.service.PaymentServiceTest() accessible: module pizzashop does not &quot;opens pizzashop.service&quot; to unnamed module @323b36e0" type="java.lang.reflect.InaccessibleObjectException">java.lang.reflect.InaccessibleObjectException: Unable to make pizzashop.service.PaymentServiceTest() accessible: module pizzashop does not "opens pizzashop.service" to unnamed module @323b36e0
</error>
  </testcase>
  <testcase name="addInvalidPaymentBVA1" classname="pizzashop.service.PaymentServiceTest" time="0.001">
    <error message="Unable to make pizzashop.service.PaymentServiceTest() accessible: module pizzashop does not &quot;opens pizzashop.service&quot; to unnamed module @323b36e0" type="java.lang.reflect.InaccessibleObjectException">java.lang.reflect.InaccessibleObjectException: Unable to make pizzashop.service.PaymentServiceTest() accessible: module pizzashop does not "opens pizzashop.service" to unnamed module @323b36e0
</error>
  </testcase>
  <testcase name="addInvalidPaymentBVA2" classname="pizzashop.service.PaymentServiceTest" time="0.001">
    <error message="Unable to make pizzashop.service.PaymentServiceTest() accessible: module pizzashop does not &quot;opens pizzashop.service&quot; to unnamed module @323b36e0" type="java.lang.reflect.InaccessibleObjectException">java.lang.reflect.InaccessibleObjectException: Unable to make pizzashop.service.PaymentServiceTest() accessible: module pizzashop does not "opens pizzashop.service" to unnamed module @323b36e0
</error>
  </testcase>
  <testcase name="addInvalidPaymentBVA4" classname="pizzashop.service.PaymentServiceTest" time="0">
    <error message="Unable to make pizzashop.service.PaymentServiceTest() accessible: module pizzashop does not &quot;opens pizzashop.service&quot; to unnamed module @323b36e0" type="java.lang.reflect.InaccessibleObjectException">java.lang.reflect.InaccessibleObjectException: Unable to make pizzashop.service.PaymentServiceTest() accessible: module pizzashop does not "opens pizzashop.service" to unnamed module @323b36e0
</error>
  </testcase>
</testsuite>