<?xml version="1.0" encoding="UTF-8"?>
<testsuite xmlns:xsi="http://www.w3.org/2001/XMLSchema-instance" xsi:noNamespaceSchemaLocation="https://maven.apache.org/surefire/maven-surefire-plugin/xsd/surefire-test-report-3.0.xsd" version="3.0" name="pizzashop.service.PaymentServiceTest" time="0.11" tests="13" errors="0" skipped="0" failures="0">
  <properties>
[...]
</properties>
  <testcase name="addValidPaymentTestBVA3" classname="pizzashop.service.PaymentServiceTest" time="0.041">
    <system-out><![CDATA[ADDED
]]></system-out>
  </testcase>
  <testcase name="addValidPaymentTestBVA" classname="pizzashop.service.PaymentServiceTest" time="0.003">
    <system-out><![CDATA[ADDED
]]></system-out>
  </testcase>
  <testcase name="addInvalidPayment2" classname="pizzashop.service.PaymentServiceTest" time="0.005">
    <system-out><![CDATA[Table number must be between 1 and 8
]]></system-out>
  </testcase>
  <testcase name="addInvalidPayment3" classname="pizzashop.service.PaymentServiceTest" time="0.002">
    <system-out><![CDATA[Amount must be between 0 and 1000.
]]></system-out>
  </testcase>
  <testcase name="addInvalidPayment4" classname="pizzashop.service.PaymentServiceTest" time="0.002">
    <system-out><![CDATA[Amount must be between 0 and 1000.
]]></system-out>
  </testcase>
  <testcase name="addValidPaymentTest2" classname="pizzashop.service.PaymentServiceTest" time="0.001">
    <system-out><![CDATA[ADDED
]]></system-out>
  </testcase>
  <testcase name="addValidPaymentTest3" classname="pizzashop.service.PaymentServiceTest" time="0.003">
    <system-out><![CDATA[ADDED
]]></system-out>
  </testcase>
  <testcase name="addValidPaymentTest4" classname="pizzashop.service.PaymentServiceTest" time="0.003">
    <system-out><![CDATA[ADDED
]]></system-out>
  </testcase>
  <testcase name="addValidPaymentTest" classname="pizzashop.service.PaymentServiceTest" time="0.003">
    <system-out><![CDATA[ADDED
]]></system-out>
  </testcase>
  <testcase name="addInvalidPayment" classname="pizzashop.service.PaymentServiceTest" time="0.004">
    <system-out><![CDATA[Table number must be between 1 and 8
]]></system-out>
  </testcase>
  <testcase name="addInvalidPaymentBVA1" classname="pizzashop.service.PaymentServiceTest" time="0.002">
    <system-out><![CDATA[ADDED
]]></system-out>
  </testcase>
  <testcase name="addInvalidPaymentBVA2" classname="pizzashop.service.PaymentServiceTest" time="0.003">
    <system-out><![CDATA[Table number must be between 1 and 8
]]></system-out>
  </testcase>
  <testcase name="addInvalidPaymentBVA4" classname="pizzashop.service.PaymentServiceTest" time="0.002">
    <system-out><![CDATA[Amount must be between 0 and 1000.
]]></system-out>
  </testcase>
</testsuite>